Using pre-set license
Built from '2020.3/staging' branch; Version is '2020.3.26f1 (7298b473bc1a) revision 7510196'; Using compiler version '192528614'; Build Type 'Release'
OS: 'Windows 10  (10.0.19042) 64bit Enterprise' Language: 'en' Physical Memory: 4002 MB
BatchMode: 1, IsHumanControllingUs: 0, StartBugReporterOnCrash: 0, Is64bit: 1, IsPro: 0

COMMAND LINE ARGUMENTS:
C:\Program Files\Unity\Hub\Editor\2020.3.26f1\Editor\Unity.exe
-adb2
-batchMode
-noUpm
-name
AssetImportWorker0
-projectPath
C:/Users/Admin/FPS Game
-logFile
Logs/AssetImportWorker0.log
-srvPort
56338
Successfully changed project path to: C:/Users/Admin/FPS Game
C:/Users/Admin/FPS Game
Using Asset Import Pipeline V2.
Refreshing native plugins compatible for Editor in 84.32 ms, found 2 plugins.
Preloading 0 native plugins for Editor in 0.00 ms.
Initialize engine version: 2020.3.26f1 (7298b473bc1a)
[Subsystems] Discovering subsystems at path C:/Program Files/Unity/Hub/Editor/2020.3.26f1/Editor/Data/Resources/UnitySubsystems
[Subsystems] Discovering subsystems at path C:/Users/Admin/FPS Game/Assets
GfxDevice: creating device client; threaded=0
Direct3D:
    Version:  Direct3D 11.0 [level 11.0]
    Renderer: Intel(R) HD Graphics 3000 (ID=0x126)
    Vendor:   
    VRAM:     973 MB
    Driver:   10.18.13.5362
Initialize mono
Mono path[0] = 'C:/Program Files/Unity/Hub/Editor/2020.3.26f1/Editor/Data/Managed'
Mono path[1] = 'C:/Program Files/Unity/Hub/Editor/2020.3.26f1/Editor/Data/MonoBleedingEdge/lib/mono/unityjit'
Mono config path = 'C:/Program Files/Unity/Hub/Editor/2020.3.26f1/Editor/Data/MonoBleedingEdge/etc'
Using monoOptions --debugger-agent=transport=dt_socket,embedding=1,server=y,suspend=n,address=127.0.0.1:56532
Begin MonoManager ReloadAssembly
Registering precompiled unity dll's ...
Register platform support module: C:/Program Files/Unity/Hub/Editor/2020.3.26f1/Editor/Data/PlaybackEngines/WebGLSupport/UnityEditor.WebGL.Extensions.dll
Register platform support module: C:/Program Files/Unity/Hub/Editor/2020.3.26f1/Editor/Data/PlaybackEngines/WindowsStandaloneSupport/UnityEditor.WindowsStandalone.Extensions.dll
Registered in 0.002988 seconds.
Native extension for WindowsStandalone target not found
Native extension for WebGL target not found
Refreshing native plugins compatible for Editor in 86.63 ms, found 2 plugins.
Preloading 0 native plugins for Editor in 0.00 ms.
Mono: successfully reloaded assembly
- Completed reload, in  0.959 seconds
Domain Reload Profiling:
	ReloadAssembly (959ms)
		BeginReloadAssembly (78ms)
			ExecutionOrderSort (0ms)
			DisableScriptedObjects (0ms)
			BackupInstance (0ms)
			ReleaseScriptingObjects (0ms)
			CreateAndSetChildDomain (1ms)
		EndReloadAssembly (767ms)
			LoadAssemblies (75ms)
			RebuildTransferFunctionScriptingTraits (0ms)
			SetupTypeCache (252ms)
			ReleaseScriptCaches (0ms)
			RebuildScriptCaches (52ms)
			SetupLoadedEditorAssemblies (310ms)
				LogAssemblyErrors (0ms)
				InitializePlatformSupportModulesInManaged (9ms)
				SetLoadedEditorAssemblies (0ms)
				RefreshPlugins (87ms)
				BeforeProcessingInitializeOnLoad (24ms)
				ProcessInitializeOnLoadAttributes (138ms)
				ProcessInitializeOnLoadMethodAttributes (51ms)
				AfterProcessingInitializeOnLoad (0ms)
				EditorAssembliesLoaded (0ms)
			ExecutionOrderSort2 (0ms)
			AwakeInstancesAfterBackupRestoration (0ms)
Platform modules already initialized, skipping
Registering precompiled user dll's ...
Registered in 0.005780 seconds.
Begin MonoManager ReloadAssembly
Native extension for WindowsStandalone target not found
Native extension for WebGL target not found
Refreshing native plugins compatible for Editor in 86.23 ms, found 2 plugins.
Preloading 0 native plugins for Editor in 0.00 ms.
Mono: successfully reloaded assembly
- Completed reload, in  2.029 seconds
Domain Reload Profiling:
	ReloadAssembly (2031ms)
		BeginReloadAssembly (223ms)
			ExecutionOrderSort (0ms)
			DisableScriptedObjects (8ms)
			BackupInstance (0ms)
			ReleaseScriptingObjects (0ms)
			CreateAndSetChildDomain (27ms)
		EndReloadAssembly (1716ms)
			LoadAssemblies (132ms)
			RebuildTransferFunctionScriptingTraits (0ms)
			SetupTypeCache (479ms)
			ReleaseScriptCaches (1ms)
			RebuildScriptCaches (87ms)
			SetupLoadedEditorAssemblies (814ms)
				LogAssemblyErrors (0ms)
				InitializePlatformSupportModulesInManaged (7ms)
				SetLoadedEditorAssemblies (0ms)
				RefreshPlugins (86ms)
				BeforeProcessingInitializeOnLoad (120ms)
				ProcessInitializeOnLoadAttributes (505ms)
				ProcessInitializeOnLoadMethodAttributes (86ms)
				AfterProcessingInitializeOnLoad (9ms)
				EditorAssembliesLoaded (1ms)
			ExecutionOrderSort2 (0ms)
			AwakeInstancesAfterBackupRestoration (15ms)
Platform modules already initialized, skipping
========================================================================
Worker process is ready to serve import requests
Launched and connected shader compiler UnityShaderCompiler.exe after 0.05 seconds
Refreshing native plugins compatible for Editor in 1.52 ms, found 2 plugins.
Preloading 0 native plugins for Editor in 0.00 ms.
Unloading 2120 Unused Serialized files (Serialized files now loaded: 0)
System memory in use before: 94.3 MB.
System memory in use after: 94.4 MB.

Unloading 24 unused Assets to reduce memory usage. Loaded Objects now: 2556.
Total: 5.241300 ms (FindLiveObjects: 0.253400 ms CreateObjectMapping: 0.110800 ms MarkObjects: 4.769200 ms  DeleteObjects: 0.105600 ms)

AssetImportParameters requested are different than current active one (requested -> active):
  custom:framework-win-MediaFoundation: 216162199b28c13a410421893ffa2e32 -> 
  custom:video-decoder-ogg-theora: a1e56fd34408186e4bbccfd4996cb3dc -> 
  custom:container-muxer-webm: aa71ff27fc2769a1b78a27578f13a17b -> 
  custom:container-demuxer-webm: 4f35f7cbe854078d1ac9338744f61a02 -> 
  custom:container-demuxer-ogg: 62fdf1f143b41e24485cea50d1cbac27 -> 
  custom:video-encoder-webm-vp8: eb34c28f22e8b96e1ab97ce403110664 -> 
  custom:video-decoder-webm-vp8: 9c59270c3fd7afecdb556c50c9e8de78 -> 
  custom:audio-decoder-ogg-vorbis: bf7c407c2cedff20999df2af8eb42d56 -> 
  custom:audio-encoder-webm-vorbis: bf7c407c2cedff20999df2af8eb42d56 -> 
========================================================================
Received Import Request.
  path: Assets/Prefabs/Terrains/Room1.prefab
  artifactKey: Guid(7947e1141e0bc6848930b8514bb0b84b) Importer(815301076,1909f56bfc062723c751e8b465ee728b)
Start importing Assets/Prefabs/Terrains/Room1.prefab using Guid(7947e1141e0bc6848930b8514bb0b84b) Importer(815301076,1909f56bfc062723c751e8b465ee728b)  -> (artifact id: '4e095de0b4ab1846bd180eafa626c991') in 0.246782 seconds 
  Import took 0.253853 seconds .

========================================================================
Received Import Request.
  Time since last request: 0.000275 seconds.
  path: Assets/Prefabs/Terrains/Wall.prefab
  artifactKey: Guid(62c2e0e874828a84c8400c684706d232) Importer(815301076,1909f56bfc062723c751e8b465ee728b)
Start importing Assets/Prefabs/Terrains/Wall.prefab using Guid(62c2e0e874828a84c8400c684706d232) Importer(815301076,1909f56bfc062723c751e8b465ee728b)  -> (artifact id: '4b9d5997a387bb3c57c933f7b4c63366') in 0.064728 seconds 
  Import took 0.071877 seconds .

========================================================================
Received Import Request.
  Time since last request: 0.000331 seconds.
  path: Assets/Prefabs/Terrains/Floor.prefab
  artifactKey: Guid(67cc434e8ef0f0e4880895ff7d83cf48) Importer(815301076,1909f56bfc062723c751e8b465ee728b)
Start importing Assets/Prefabs/Terrains/Floor.prefab using Guid(67cc434e8ef0f0e4880895ff7d83cf48) Importer(815301076,1909f56bfc062723c751e8b465ee728b)  -> (artifact id: '41bdef7e213c5edb51e9c5e73cc353aa') in 0.046412 seconds 
  Import took 0.056863 seconds .

========================================================================
Received Import Request.
  Time since last request: 0.000774 seconds.
  path: Assets/Prefabs/Terrains/DoorParent.prefab
  artifactKey: Guid(0e31de9e781debc4a904a0ce428ca5a2) Importer(815301076,1909f56bfc062723c751e8b465ee728b)
Start importing Assets/Prefabs/Terrains/DoorParent.prefab using Guid(0e31de9e781debc4a904a0ce428ca5a2) Importer(815301076,1909f56bfc062723c751e8b465ee728b)  -> (artifact id: '3b0990181b29aa2ed5dea429c641126a') in 0.055434 seconds 
  Import took 0.065451 seconds .

========================================================================
Received Import Request.
  Time since last request: 0.000247 seconds.
  path: Assets/Prefabs/Terrains/Ceiling.prefab
  artifactKey: Guid(9e47fe135ac9b534a8b3cb3ee3781640) Importer(815301076,1909f56bfc062723c751e8b465ee728b)
Start importing Assets/Prefabs/Terrains/Ceiling.prefab using Guid(9e47fe135ac9b534a8b3cb3ee3781640) Importer(815301076,1909f56bfc062723c751e8b465ee728b)  -> (artifact id: '148e1d9c10c2d5d65e152ac55a7a8444') in 0.039038 seconds 
  Import took 0.048841 seconds .

========================================================================
Received Import Request.
  Time since last request: 1.444555 seconds.
  path: Assets/Prefabs/Terrains/Room2.prefab
  artifactKey: Guid(33026456b9d8de24bb5e9f5291b16c6f) Importer(815301076,1909f56bfc062723c751e8b465ee728b)
Start importing Assets/Prefabs/Terrains/Room2.prefab using Guid(33026456b9d8de24bb5e9f5291b16c6f) Importer(815301076,1909f56bfc062723c751e8b465ee728b)  -> (artifact id: 'a3c3f46f0050fc0bbc0186a3db90fbe0') in 0.080380 seconds 
  Import took 0.091192 seconds .

========================================================================
Received Import Request.
  Time since last request: 2.051695 seconds.
  path: Assets/Prefabs/Terrains/Room3.prefab
  artifactKey: Guid(ff72bf21b975df64e8415ef6bc7d7362) Importer(815301076,1909f56bfc062723c751e8b465ee728b)
Start importing Assets/Prefabs/Terrains/Room3.prefab using Guid(ff72bf21b975df64e8415ef6bc7d7362) Importer(815301076,1909f56bfc062723c751e8b465ee728b)  -> (artifact id: '120bb49ae9b46ed0675071076c607e9f') in 0.079845 seconds 
  Import took 0.093118 seconds .

========================================================================
Received Import Request.
  Time since last request: 1.891952 seconds.
  path: Assets/Prefabs/Terrains/Room4.prefab
  artifactKey: Guid(923415b337d4d2545beff3d190ae0c03) Importer(815301076,1909f56bfc062723c751e8b465ee728b)
Start importing Assets/Prefabs/Terrains/Room4.prefab using Guid(923415b337d4d2545beff3d190ae0c03) Importer(815301076,1909f56bfc062723c751e8b465ee728b)  -> (artifact id: '562fffad30edfe861dfdd9c5fb3e56d0') in 0.035298 seconds 
  Import took 0.044171 seconds .

========================================================================
Received Import Request.
  Time since last request: 1.998432 seconds.
  path: Assets/Prefabs/Terrains/Room5.prefab
  artifactKey: Guid(38606f14afcf7ad489eda64a8c8033f9) Importer(815301076,1909f56bfc062723c751e8b465ee728b)
Start importing Assets/Prefabs/Terrains/Room5.prefab using Guid(38606f14afcf7ad489eda64a8c8033f9) Importer(815301076,1909f56bfc062723c751e8b465ee728b)  -> (artifact id: '15ad0810898bf37baa46c5d098a44f04') in 0.081180 seconds 
  Import took 0.094608 seconds .

========================================================================
Received Import Request.
  Time since last request: 3.441273 seconds.
  path: Assets/Prefabs/Terrains/Room6.prefab
  artifactKey: Guid(85408066c63df09499e11413e48a0ff3) Importer(815301076,1909f56bfc062723c751e8b465ee728b)
Start importing Assets/Prefabs/Terrains/Room6.prefab using Guid(85408066c63df09499e11413e48a0ff3) Importer(815301076,1909f56bfc062723c751e8b465ee728b)  -> (artifact id: '114a0daf2951a37f867287044cd5fbd1') in 0.036338 seconds 
  Import took 0.042216 seconds .

========================================================================
Received Import Request.
  Time since last request: 2.159198 seconds.
  path: Assets/Prefabs/Terrains/Room2-1.prefab
  artifactKey: Guid(80704cf14aa9cbb4b9b86063e0f7796f) Importer(815301076,1909f56bfc062723c751e8b465ee728b)
Start importing Assets/Prefabs/Terrains/Room2-1.prefab using Guid(80704cf14aa9cbb4b9b86063e0f7796f) Importer(815301076,1909f56bfc062723c751e8b465ee728b)  -> (artifact id: '2dad17f6be63fa9b6d3f7b119f31f8a3') in 0.045637 seconds 
  Import took 0.053185 seconds .

========================================================================
Received Import Request.
  Time since last request: 2.967233 seconds.
  path: Assets/Prefabs/Terrains/Room7.prefab
  artifactKey: Guid(dcef502178b1e3d438ed8f80edbbf351) Importer(815301076,1909f56bfc062723c751e8b465ee728b)
Start importing Assets/Prefabs/Terrains/Room7.prefab using Guid(dcef502178b1e3d438ed8f80edbbf351) Importer(815301076,1909f56bfc062723c751e8b465ee728b)  -> (artifact id: '6df3ba1f04f6ca0ccfe5d94089a939ae') in 0.033196 seconds 
  Import took 0.041255 seconds .

========================================================================
Received Import Request.
  Time since last request: 3.331654 seconds.
  path: Assets/Prefabs/Terrains/Room2-2.prefab
  artifactKey: Guid(7108ce3e313b87f4d8c4c07bc0cd245a) Importer(815301076,1909f56bfc062723c751e8b465ee728b)
Start importing Assets/Prefabs/Terrains/Room2-2.prefab using Guid(7108ce3e313b87f4d8c4c07bc0cd245a) Importer(815301076,1909f56bfc062723c751e8b465ee728b)  -> (artifact id: '6bf3124d61d6950f9aeb5a9e43a4021b') in 0.043587 seconds 
  Import took 0.051196 seconds .

========================================================================
Received Import Request.
  Time since last request: 988.215809 seconds.
  path: Assets/Prefabs/Terrains/3DoorRoom.prefab
  artifactKey: Guid(2887c6e0aa53ea044b8da7b35bcf29a4) Importer(815301076,1909f56bfc062723c751e8b465ee728b)
Start importing Assets/Prefabs/Terrains/3DoorRoom.prefab using Guid(2887c6e0aa53ea044b8da7b35bcf29a4) Importer(815301076,1909f56bfc062723c751e8b465ee728b)  -> (artifact id: 'a04ba854e0a81d2c908ce34c0824603b') in 0.087196 seconds 
  Import took 0.099388 seconds .

========================================================================
Received Prepare
Registering precompiled user dll's ...
Registered in 0.010028 seconds.
Begin MonoManager ReloadAssembly
Native extension for WindowsStandalone target not found
Native extension for WebGL target not found
Refreshing native plugins compatible for Editor in 1.10 ms, found 2 plugins.
Preloading 0 native plugins for Editor in 0.00 ms.
Mono: successfully reloaded assembly
- Completed reload, in  1.758 seconds
Domain Reload Profiling:
	ReloadAssembly (1759ms)
		BeginReloadAssembly (153ms)
			ExecutionOrderSort (0ms)
			DisableScriptedObjects (7ms)
			BackupInstance (0ms)
			ReleaseScriptingObjects (0ms)
			CreateAndSetChildDomain (47ms)
		EndReloadAssembly (1505ms)
			LoadAssemblies (155ms)
			RebuildTransferFunctionScriptingTraits (0ms)
			SetupTypeCache (504ms)
			ReleaseScriptCaches (1ms)
			RebuildScriptCaches (79ms)
			SetupLoadedEditorAssemblies (580ms)
				LogAssemblyErrors (0ms)
				InitializePlatformSupportModulesInManaged (7ms)
				SetLoadedEditorAssemblies (1ms)
				RefreshPlugins (1ms)
				BeforeProcessingInitializeOnLoad (136ms)
				ProcessInitializeOnLoadAttributes (369ms)
				ProcessInitializeOnLoadMethodAttributes (58ms)
				AfterProcessingInitializeOnLoad (8ms)
				EditorAssembliesLoaded (0ms)
			ExecutionOrderSort2 (0ms)
			AwakeInstancesAfterBackupRestoration (11ms)
Platform modules already initialized, skipping
Refreshing native plugins compatible for Editor in 1.24 ms, found 2 plugins.
Preloading 0 native plugins for Editor in 0.00 ms.
Unloading 2097 Unused Serialized files (Serialized files now loaded: 0)
System memory in use before: 96.0 MB.
System memory in use after: 96.1 MB.

Unloading 17 unused Assets to reduce memory usage. Loaded Objects now: 2567.
Total: 4.796700 ms (FindLiveObjects: 0.279100 ms CreateObjectMapping: 0.106600 ms MarkObjects: 4.377600 ms  DeleteObjects: 0.030100 ms)

AssetImportParameters requested are different than current active one (requested -> active):
  custom:framework-win-MediaFoundation: 216162199b28c13a410421893ffa2e32 -> 
  custom:video-decoder-ogg-theora: a1e56fd34408186e4bbccfd4996cb3dc -> 
  custom:container-muxer-webm: aa71ff27fc2769a1b78a27578f13a17b -> 
  custom:container-demuxer-webm: 4f35f7cbe854078d1ac9338744f61a02 -> 
  custom:container-demuxer-ogg: 62fdf1f143b41e24485cea50d1cbac27 -> 
  custom:video-encoder-webm-vp8: eb34c28f22e8b96e1ab97ce403110664 -> 
  custom:video-decoder-webm-vp8: 9c59270c3fd7afecdb556c50c9e8de78 -> 
  custom:audio-decoder-ogg-vorbis: bf7c407c2cedff20999df2af8eb42d56 -> 
  custom:audio-encoder-webm-vorbis: bf7c407c2cedff20999df2af8eb42d56 -> 
========================================================================
Received Prepare
Registering precompiled user dll's ...
Registered in 0.006021 seconds.
Begin MonoManager ReloadAssembly
Native extension for WindowsStandalone target not found
Native extension for WebGL target not found
Refreshing native plugins compatible for Editor in 1.06 ms, found 2 plugins.
Preloading 0 native plugins for Editor in 0.00 ms.
Mono: successfully reloaded assembly
- Completed reload, in  1.677 seconds
Domain Reload Profiling:
	ReloadAssembly (1677ms)
		BeginReloadAssembly (173ms)
			ExecutionOrderSort (0ms)
			DisableScriptedObjects (11ms)
			BackupInstance (0ms)
			ReleaseScriptingObjects (0ms)
			CreateAndSetChildDomain (58ms)
		EndReloadAssembly (1398ms)
			LoadAssemblies (163ms)
			RebuildTransferFunctionScriptingTraits (0ms)
			SetupTypeCache (461ms)
			ReleaseScriptCaches (1ms)
			RebuildScriptCaches (64ms)
			SetupLoadedEditorAssemblies (546ms)
				LogAssemblyErrors (0ms)
				InitializePlatformSupportModulesInManaged (8ms)
				SetLoadedEditorAssemblies (1ms)
				RefreshPlugins (1ms)
				BeforeProcessingInitializeOnLoad (115ms)
				ProcessInitializeOnLoadAttributes (361ms)
				ProcessInitializeOnLoadMethodAttributes (53ms)
				AfterProcessingInitializeOnLoad (7ms)
				EditorAssembliesLoaded (0ms)
			ExecutionOrderSort2 (0ms)
			AwakeInstancesAfterBackupRestoration (10ms)
Platform modules already initialized, skipping
Refreshing native plugins compatible for Editor in 1.15 ms, found 2 plugins.
Preloading 0 native plugins for Editor in 0.00 ms.
Unloading 2097 Unused Serialized files (Serialized files now loaded: 0)
System memory in use before: 96.0 MB.
System memory in use after: 96.2 MB.

Unloading 17 unused Assets to reduce memory usage. Loaded Objects now: 2569.
Total: 4.383800 ms (FindLiveObjects: 0.201800 ms CreateObjectMapping: 0.100500 ms MarkObjects: 4.053500 ms  DeleteObjects: 0.025800 ms)

AssetImportParameters requested are different than current active one (requested -> active):
  custom:framework-win-MediaFoundation: 216162199b28c13a410421893ffa2e32 -> 
  custom:video-decoder-ogg-theora: a1e56fd34408186e4bbccfd4996cb3dc -> 
  custom:container-muxer-webm: aa71ff27fc2769a1b78a27578f13a17b -> 
  custom:container-demuxer-webm: 4f35f7cbe854078d1ac9338744f61a02 -> 
  custom:container-demuxer-ogg: 62fdf1f143b41e24485cea50d1cbac27 -> 
  custom:video-encoder-webm-vp8: eb34c28f22e8b96e1ab97ce403110664 -> 
  custom:video-decoder-webm-vp8: 9c59270c3fd7afecdb556c50c9e8de78 -> 
  custom:audio-decoder-ogg-vorbis: bf7c407c2cedff20999df2af8eb42d56 -> 
  custom:audio-encoder-webm-vorbis: bf7c407c2cedff20999df2af8eb42d56 -> 
========================================================================
Received Prepare
Refreshing native plugins compatible for Editor in 7.06 ms, found 2 plugins.
Preloading 0 native plugins for Editor in 0.00 ms.
Unloading 14 Unused Serialized files (Serialized files now loaded: 0)
System memory in use before: 54.8 MB.
System memory in use after: 54.9 MB.

Unloading 14 unused Assets to reduce memory usage. Loaded Objects now: 2569.
Total: 4.800300 ms (FindLiveObjects: 0.213500 ms CreateObjectMapping: 0.100300 ms MarkObjects: 4.458800 ms  DeleteObjects: 0.026100 ms)

AssetImportParameters requested are different than current active one (requested -> active):
  custom:framework-win-MediaFoundation: 216162199b28c13a410421893ffa2e32 -> 
  custom:video-decoder-ogg-theora: a1e56fd34408186e4bbccfd4996cb3dc -> 
  custom:container-muxer-webm: aa71ff27fc2769a1b78a27578f13a17b -> 
  custom:container-demuxer-webm: 4f35f7cbe854078d1ac9338744f61a02 -> 
  custom:container-demuxer-ogg: 62fdf1f143b41e24485cea50d1cbac27 -> 
  custom:video-encoder-webm-vp8: eb34c28f22e8b96e1ab97ce403110664 -> 
  custom:video-decoder-webm-vp8: 9c59270c3fd7afecdb556c50c9e8de78 -> 
  custom:audio-decoder-ogg-vorbis: bf7c407c2cedff20999df2af8eb42d56 -> 
  custom:audio-encoder-webm-vorbis: bf7c407c2cedff20999df2af8eb42d56 -> 
AssetImportWorkerClient::OnTransportError - code=2 error=End of file
